<?xml version="1.0" encoding="UTF-8"?>
<!-- Generated by org.testng.reporters.JUnitReportReporter -->
<testsuite skipped="0" hostname="RubhiGupta" name="ajiobrowser.FirstBrowser" tests="1" failures="0" timestamp="2022-04-18T08:41:06 IST" time="12.230" errors="0">
  <testcase name="TC_04" time="12.230" classname="ajiobrowser.FirstBrowser"/>
  <system-out/>
</testsuite> <!-- ajiobrowser.FirstBrowser -->
