<?xml version="1.0" encoding="UTF-8"?>
<!-- Generated by org.testng.reporters.JUnitReportReporter -->
<testsuite skipped="0" hostname="RubhiGupta" name="ajiobrowser.Annotationclass" tests="2" failures="0" timestamp="2022-04-19T08:19:14 IST" time="12.059" errors="0">
  <testcase name="abc" time="6.539" classname="ajiobrowser.Annotationclass"/>
  <system-out/>
  <testcase name="abc2" time="5.520" classname="ajiobrowser.Annotationclass"/>
  <system-out/>
</testsuite> <!-- ajiobrowser.Annotationclass -->
