<?xml version="1.0" encoding="UTF-8"?>
<!-- Generated by org.testng.reporters.JUnitReportReporter -->
<testsuite skipped="1" hostname="RubhiGupta" name="ajiobrowser.A" tests="3" failures="0" timestamp="2022-04-20T07:23:56 IST" time="21.265" errors="0">
  <testcase name="TC_02" time="10.921" classname="ajiobrowser.A"/>
  <system-out/>
  <testcase name="TC_03" time="10.344" classname="ajiobrowser.A"/>
  <system-out/>
  <testcase name="TC_04" classname="ajiobrowser.A">
    <skipped/>
  </testcase> <!-- TC_04 -->
  <system-out/>
</testsuite> <!-- ajiobrowser.A -->
